[Mon Aug 20 22:23:14 2012] [info] Listening at "http://*:3000".
[Mon Aug 20 22:23:38 2012] [debug] Your secret passphrase needs to be changed!!!
[Mon Aug 20 22:23:38 2012] [debug] GET / (Mozilla/5.0 (Macintosh; Intel Mac OS X 10_8) AppleWebKit/536.25 (KHTML, like Gecko) Version/6.0 Safari/536.25).
[Mon Aug 20 22:23:38 2012] [debug] Routing to controller "CpanApp::Convertor" and action "index".
[Mon Aug 20 22:23:38 2012] [debug] Action not found in controller.
[Mon Aug 20 22:23:38 2012] [debug] Template "convertor/index.html.ep" not found.
[Mon Aug 20 22:23:38 2012] [debug] Template "not_found.development.html.ep" not found.
[Mon Aug 20 22:23:38 2012] [debug] Template "not_found.html.ep" not found.
[Mon Aug 20 22:23:38 2012] [debug] Rendering inline template.
[Mon Aug 20 22:23:38 2012] [debug] Rendering inline template.
[Mon Aug 20 22:23:38 2012] [debug] 404 Not Found (0.019667s, 50.847/s).
[Mon Aug 20 22:23:55 2012] [debug] GET / (Mozilla/5.0 (Macintosh; Intel Mac OS X 10_8) AppleWebKit/536.25 (KHTML, like Gecko) Version/6.0 Safari/536.25).
[Mon Aug 20 22:23:55 2012] [debug] Routing to controller "CpanApp::Convertor" and action "index".
[Mon Aug 20 22:23:55 2012] [debug] Action not found in controller.
[Mon Aug 20 22:23:55 2012] [debug] Template "convertor/index.html.ep" not found.
[Mon Aug 20 22:23:55 2012] [debug] Template "not_found.development.html.ep" not found.
[Mon Aug 20 22:23:55 2012] [debug] Template "not_found.html.ep" not found.
[Mon Aug 20 22:23:55 2012] [debug] Rendering cached inline template.
[Mon Aug 20 22:23:55 2012] [debug] Rendering cached inline template.
[Mon Aug 20 22:23:55 2012] [debug] 404 Not Found (0.007499s, 133.351/s).
[Mon Aug 20 22:24:46 2012] [debug] Your secret passphrase needs to be changed!!!
[Mon Aug 20 22:24:46 2012] [debug] GET / (Mozilla/5.0 (Macintosh; Intel Mac OS X 10_8) AppleWebKit/536.25 (KHTML, like Gecko) Version/6.0 Safari/536.25).
[Mon Aug 20 22:24:46 2012] [debug] Routing to controller "CpanApp::Convertor" and action "index".
[Mon Aug 20 22:24:46 2012] [debug] Action not found in controller.
[Mon Aug 20 22:24:46 2012] [debug] Template "convertor/index.html.ep" not found.
[Mon Aug 20 22:24:46 2012] [debug] Template "not_found.development.html.ep" not found.
[Mon Aug 20 22:24:46 2012] [debug] Template "not_found.html.ep" not found.
[Mon Aug 20 22:24:46 2012] [debug] Rendering inline template.
[Mon Aug 20 22:24:46 2012] [debug] Rendering inline template.
[Mon Aug 20 22:24:46 2012] [debug] 404 Not Found (0.021299s, 46.951/s).
[Mon Aug 20 22:24:47 2012] [debug] GET / (Mozilla/5.0 (Macintosh; Intel Mac OS X 10_8) AppleWebKit/536.25 (KHTML, like Gecko) Version/6.0 Safari/536.25).
[Mon Aug 20 22:24:47 2012] [debug] Routing to controller "CpanApp::Convertor" and action "index".
[Mon Aug 20 22:24:47 2012] [debug] Action not found in controller.
[Mon Aug 20 22:24:47 2012] [debug] Template "convertor/index.html.ep" not found.
[Mon Aug 20 22:24:47 2012] [debug] Template "not_found.development.html.ep" not found.
[Mon Aug 20 22:24:47 2012] [debug] Template "not_found.html.ep" not found.
[Mon Aug 20 22:24:47 2012] [debug] Rendering cached inline template.
[Mon Aug 20 22:24:47 2012] [debug] Rendering cached inline template.
[Mon Aug 20 22:24:47 2012] [debug] 404 Not Found (0.006922s, 144.467/s).
[Mon Aug 20 22:25:43 2012] [debug] GET / (Mozilla/5.0 (Macintosh; Intel Mac OS X 10_8) AppleWebKit/536.25 (KHTML, like Gecko) Version/6.0 Safari/536.25).
[Mon Aug 20 22:25:43 2012] [debug] Routing to controller "CpanApp::Convertor" and action "index".
[Mon Aug 20 22:25:43 2012] [debug] Action not found in controller.
[Mon Aug 20 22:25:43 2012] [debug] Template "convertor/index.html.ep" not found.
[Mon Aug 20 22:25:43 2012] [debug] Template "not_found.development.html.ep" not found.
[Mon Aug 20 22:25:43 2012] [debug] Template "not_found.html.ep" not found.
[Mon Aug 20 22:25:43 2012] [debug] Rendering cached inline template.
[Mon Aug 20 22:25:43 2012] [debug] Rendering cached inline template.
[Mon Aug 20 22:25:43 2012] [debug] 404 Not Found (0.009091s, 109.999/s).
[Mon Aug 20 22:25:44 2012] [debug] GET / (Mozilla/5.0 (Macintosh; Intel Mac OS X 10_8) AppleWebKit/536.25 (KHTML, like Gecko) Version/6.0 Safari/536.25).
[Mon Aug 20 22:25:44 2012] [debug] Routing to controller "CpanApp::Convertor" and action "index".
[Mon Aug 20 22:25:44 2012] [debug] Action not found in controller.
[Mon Aug 20 22:25:44 2012] [debug] Template "convertor/index.html.ep" not found.
[Mon Aug 20 22:25:44 2012] [debug] Template "not_found.development.html.ep" not found.
[Mon Aug 20 22:25:44 2012] [debug] Template "not_found.html.ep" not found.
[Mon Aug 20 22:25:44 2012] [debug] Rendering cached inline template.
[Mon Aug 20 22:25:44 2012] [debug] Rendering cached inline template.
[Mon Aug 20 22:25:44 2012] [debug] 404 Not Found (0.007003s, 142.796/s).
[Mon Aug 20 22:25:49 2012] [debug] GET / (Mozilla/5.0 (Macintosh; Intel Mac OS X 10_8) AppleWebKit/536.25 (KHTML, like Gecko) Version/6.0 Safari/536.25).
[Mon Aug 20 22:25:49 2012] [debug] Routing to controller "CpanApp::Convertor" and action "index".
[Mon Aug 20 22:25:49 2012] [debug] Action not found in controller.
[Mon Aug 20 22:25:49 2012] [debug] Template "convertor/index.html.ep" not found.
[Mon Aug 20 22:25:49 2012] [debug] Template "not_found.development.html.ep" not found.
[Mon Aug 20 22:25:49 2012] [debug] Template "not_found.html.ep" not found.
[Mon Aug 20 22:25:49 2012] [debug] Rendering cached inline template.
[Mon Aug 20 22:25:49 2012] [debug] Rendering cached inline template.
[Mon Aug 20 22:25:49 2012] [debug] 404 Not Found (0.007401s, 135.117/s).
[Mon Aug 20 22:27:02 2012] [info] Listening at "http://*:3000".
[Mon Aug 20 22:27:05 2012] [debug] Your secret passphrase needs to be changed!!!
[Mon Aug 20 22:27:05 2012] [debug] GET / (Mozilla/5.0 (Macintosh; Intel Mac OS X 10_8) AppleWebKit/536.25 (KHTML, like Gecko) Version/6.0 Safari/536.25).
[Mon Aug 20 22:27:05 2012] [debug] Routing to controller "CpanApp::Convertor" and action "index".
[Mon Aug 20 22:27:05 2012] [debug] Action not found in controller.
[Mon Aug 20 22:27:05 2012] [debug] Template "convertor/index.html.ep" not found.
[Mon Aug 20 22:27:05 2012] [debug] Template "not_found.development.html.ep" not found.
[Mon Aug 20 22:27:05 2012] [debug] Template "not_found.html.ep" not found.
[Mon Aug 20 22:27:05 2012] [debug] Rendering inline template.
[Mon Aug 20 22:27:05 2012] [debug] Rendering inline template.
[Mon Aug 20 22:27:05 2012] [debug] 404 Not Found (0.020130s, 49.677/s).
[Mon Aug 20 22:27:06 2012] [debug] GET / (Mozilla/5.0 (Macintosh; Intel Mac OS X 10_8) AppleWebKit/536.25 (KHTML, like Gecko) Version/6.0 Safari/536.25).
[Mon Aug 20 22:27:06 2012] [debug] Routing to controller "CpanApp::Convertor" and action "index".
[Mon Aug 20 22:27:06 2012] [debug] Action not found in controller.
[Mon Aug 20 22:27:06 2012] [debug] Template "convertor/index.html.ep" not found.
[Mon Aug 20 22:27:06 2012] [debug] Template "not_found.development.html.ep" not found.
[Mon Aug 20 22:27:06 2012] [debug] Template "not_found.html.ep" not found.
[Mon Aug 20 22:27:06 2012] [debug] Rendering cached inline template.
[Mon Aug 20 22:27:06 2012] [debug] Rendering cached inline template.
[Mon Aug 20 22:27:06 2012] [debug] 404 Not Found (0.009106s, 109.818/s).
[Mon Aug 20 22:27:06 2012] [debug] GET / (Mozilla/5.0 (Macintosh; Intel Mac OS X 10_8) AppleWebKit/536.25 (KHTML, like Gecko) Version/6.0 Safari/536.25).
[Mon Aug 20 22:27:06 2012] [debug] Routing to controller "CpanApp::Convertor" and action "index".
[Mon Aug 20 22:27:06 2012] [debug] Action not found in controller.
[Mon Aug 20 22:27:06 2012] [debug] Template "convertor/index.html.ep" not found.
[Mon Aug 20 22:27:06 2012] [debug] Template "not_found.development.html.ep" not found.
[Mon Aug 20 22:27:06 2012] [debug] Template "not_found.html.ep" not found.
[Mon Aug 20 22:27:06 2012] [debug] Rendering cached inline template.
[Mon Aug 20 22:27:06 2012] [debug] Rendering cached inline template.
[Mon Aug 20 22:27:06 2012] [debug] 404 Not Found (0.009547s, 104.745/s).
[Mon Aug 20 22:27:06 2012] [debug] GET / (Mozilla/5.0 (Macintosh; Intel Mac OS X 10_8) AppleWebKit/536.25 (KHTML, like Gecko) Version/6.0 Safari/536.25).
[Mon Aug 20 22:27:06 2012] [debug] Routing to controller "CpanApp::Convertor" and action "index".
[Mon Aug 20 22:27:06 2012] [debug] Action not found in controller.
[Mon Aug 20 22:27:06 2012] [debug] Template "convertor/index.html.ep" not found.
[Mon Aug 20 22:27:06 2012] [debug] Template "not_found.development.html.ep" not found.
[Mon Aug 20 22:27:06 2012] [debug] Template "not_found.html.ep" not found.
[Mon Aug 20 22:27:06 2012] [debug] Rendering cached inline template.
[Mon Aug 20 22:27:06 2012] [debug] Rendering cached inline template.
[Mon Aug 20 22:27:06 2012] [debug] 404 Not Found (0.006522s, 153.327/s).
[Mon Aug 20 22:27:07 2012] [debug] GET / (Mozilla/5.0 (Macintosh; Intel Mac OS X 10_8) AppleWebKit/536.25 (KHTML, like Gecko) Version/6.0 Safari/536.25).
[Mon Aug 20 22:27:07 2012] [debug] Routing to controller "CpanApp::Convertor" and action "index".
[Mon Aug 20 22:27:07 2012] [debug] Action not found in controller.
[Mon Aug 20 22:27:07 2012] [debug] Template "convertor/index.html.ep" not found.
[Mon Aug 20 22:27:07 2012] [debug] Template "not_found.development.html.ep" not found.
[Mon Aug 20 22:27:07 2012] [debug] Template "not_found.html.ep" not found.
[Mon Aug 20 22:27:07 2012] [debug] Rendering cached inline template.
[Mon Aug 20 22:27:07 2012] [debug] Rendering cached inline template.
[Mon Aug 20 22:27:07 2012] [debug] 404 Not Found (0.007002s, 142.816/s).
[Mon Aug 20 22:27:07 2012] [debug] GET / (Mozilla/5.0 (Macintosh; Intel Mac OS X 10_8) AppleWebKit/536.25 (KHTML, like Gecko) Version/6.0 Safari/536.25).
[Mon Aug 20 22:27:07 2012] [debug] Routing to controller "CpanApp::Convertor" and action "index".
[Mon Aug 20 22:27:07 2012] [debug] Action not found in controller.
[Mon Aug 20 22:27:07 2012] [debug] Template "convertor/index.html.ep" not found.
[Mon Aug 20 22:27:07 2012] [debug] Template "not_found.development.html.ep" not found.
[Mon Aug 20 22:27:07 2012] [debug] Template "not_found.html.ep" not found.
[Mon Aug 20 22:27:07 2012] [debug] Rendering cached inline template.
[Mon Aug 20 22:27:07 2012] [debug] Rendering cached inline template.
[Mon Aug 20 22:27:07 2012] [debug] 404 Not Found (0.005604s, 178.444/s).
[Mon Aug 20 22:27:07 2012] [debug] GET / (Mozilla/5.0 (Macintosh; Intel Mac OS X 10_8) AppleWebKit/536.25 (KHTML, like Gecko) Version/6.0 Safari/536.25).
[Mon Aug 20 22:27:07 2012] [debug] Routing to controller "CpanApp::Convertor" and action "index".
[Mon Aug 20 22:27:07 2012] [debug] Action not found in controller.
[Mon Aug 20 22:27:07 2012] [debug] Template "convertor/index.html.ep" not found.
[Mon Aug 20 22:27:07 2012] [debug] Template "not_found.development.html.ep" not found.
[Mon Aug 20 22:27:07 2012] [debug] Template "not_found.html.ep" not found.
[Mon Aug 20 22:27:07 2012] [debug] Rendering cached inline template.
[Mon Aug 20 22:27:07 2012] [debug] Rendering cached inline template.
[Mon Aug 20 22:27:07 2012] [debug] 404 Not Found (0.006456s, 154.895/s).
[Mon Aug 20 22:27:12 2012] [debug] GET / (Mozilla/5.0 (Macintosh; Intel Mac OS X 10_8) AppleWebKit/536.25 (KHTML, like Gecko) Version/6.0 Safari/536.25).
[Mon Aug 20 22:27:12 2012] [debug] Routing to controller "CpanApp::Convertor" and action "index".
[Mon Aug 20 22:27:12 2012] [debug] Action not found in controller.
[Mon Aug 20 22:27:12 2012] [debug] Template "convertor/index.html.ep" not found.
[Mon Aug 20 22:27:12 2012] [debug] Template "not_found.development.html.ep" not found.
[Mon Aug 20 22:27:12 2012] [debug] Template "not_found.html.ep" not found.
[Mon Aug 20 22:27:12 2012] [debug] Rendering cached inline template.
[Mon Aug 20 22:27:12 2012] [debug] Rendering cached inline template.
[Mon Aug 20 22:27:12 2012] [debug] 404 Not Found (0.006770s, 147.710/s).
[Mon Aug 20 22:32:34 2012] [info] Listening at "http://*:3000".
[Mon Aug 20 22:32:50 2012] [debug] Your secret passphrase needs to be changed!!!
[Mon Aug 20 22:32:50 2012] [debug] GET / (Mozilla/5.0 (Macintosh; Intel Mac OS X 10_8) AppleWebKit/536.25 (KHTML, like Gecko) Version/6.0 Safari/536.25).
[Mon Aug 20 22:32:50 2012] [debug] Routing to controller "CpanApp::Convertor" and action "index".
[Mon Aug 20 22:32:50 2012] [debug] Action not found in controller.
[Mon Aug 20 22:32:50 2012] [debug] Template "convertor/index.html.ep" not found.
[Mon Aug 20 22:32:50 2012] [debug] Template "not_found.development.html.ep" not found.
[Mon Aug 20 22:32:50 2012] [debug] Template "not_found.html.ep" not found.
[Mon Aug 20 22:32:50 2012] [debug] Rendering inline template.
[Mon Aug 20 22:32:50 2012] [debug] Rendering inline template.
[Mon Aug 20 22:32:50 2012] [debug] 404 Not Found (0.022599s, 44.250/s).
[Mon Aug 20 22:32:51 2012] [debug] GET / (Mozilla/5.0 (Macintosh; Intel Mac OS X 10_8) AppleWebKit/536.25 (KHTML, like Gecko) Version/6.0 Safari/536.25).
[Mon Aug 20 22:32:51 2012] [debug] Routing to controller "CpanApp::Convertor" and action "index".
[Mon Aug 20 22:32:51 2012] [debug] Action not found in controller.
[Mon Aug 20 22:32:51 2012] [debug] Template "convertor/index.html.ep" not found.
[Mon Aug 20 22:32:51 2012] [debug] Template "not_found.development.html.ep" not found.
[Mon Aug 20 22:32:51 2012] [debug] Template "not_found.html.ep" not found.
[Mon Aug 20 22:32:51 2012] [debug] Rendering cached inline template.
[Mon Aug 20 22:32:51 2012] [debug] Rendering cached inline template.
[Mon Aug 20 22:32:51 2012] [debug] 404 Not Found (0.009621s, 103.939/s).
[Mon Aug 20 22:32:51 2012] [debug] GET / (Mozilla/5.0 (Macintosh; Intel Mac OS X 10_8) AppleWebKit/536.25 (KHTML, like Gecko) Version/6.0 Safari/536.25).
[Mon Aug 20 22:32:51 2012] [debug] Routing to controller "CpanApp::Convertor" and action "index".
[Mon Aug 20 22:32:51 2012] [debug] Action not found in controller.
[Mon Aug 20 22:32:51 2012] [debug] Template "convertor/index.html.ep" not found.
[Mon Aug 20 22:32:51 2012] [debug] Template "not_found.development.html.ep" not found.
[Mon Aug 20 22:32:51 2012] [debug] Template "not_found.html.ep" not found.
[Mon Aug 20 22:32:51 2012] [debug] Rendering cached inline template.
[Mon Aug 20 22:32:51 2012] [debug] Rendering cached inline template.
[Mon Aug 20 22:32:51 2012] [debug] 404 Not Found (0.008080s, 123.762/s).
[Mon Aug 20 22:32:52 2012] [debug] GET / (Mozilla/5.0 (Macintosh; Intel Mac OS X 10_8) AppleWebKit/536.25 (KHTML, like Gecko) Version/6.0 Safari/536.25).
[Mon Aug 20 22:32:52 2012] [debug] Routing to controller "CpanApp::Convertor" and action "index".
[Mon Aug 20 22:32:52 2012] [debug] Action not found in controller.
[Mon Aug 20 22:32:52 2012] [debug] Template "convertor/index.html.ep" not found.
[Mon Aug 20 22:32:52 2012] [debug] Template "not_found.development.html.ep" not found.
[Mon Aug 20 22:32:52 2012] [debug] Template "not_found.html.ep" not found.
[Mon Aug 20 22:32:52 2012] [debug] Rendering cached inline template.
[Mon Aug 20 22:32:52 2012] [debug] Rendering cached inline template.
[Mon Aug 20 22:32:52 2012] [debug] 404 Not Found (0.007523s, 132.926/s).
[Mon Aug 20 22:32:52 2012] [debug] GET / (Mozilla/5.0 (Macintosh; Intel Mac OS X 10_8) AppleWebKit/536.25 (KHTML, like Gecko) Version/6.0 Safari/536.25).
[Mon Aug 20 22:32:52 2012] [debug] Routing to controller "CpanApp::Convertor" and action "index".
[Mon Aug 20 22:32:52 2012] [debug] Action not found in controller.
[Mon Aug 20 22:32:52 2012] [debug] Template "convertor/index.html.ep" not found.
[Mon Aug 20 22:32:52 2012] [debug] Template "not_found.development.html.ep" not found.
[Mon Aug 20 22:32:52 2012] [debug] Template "not_found.html.ep" not found.
[Mon Aug 20 22:32:52 2012] [debug] Rendering cached inline template.
[Mon Aug 20 22:32:52 2012] [debug] Rendering cached inline template.
[Mon Aug 20 22:32:52 2012] [debug] 404 Not Found (0.006432s, 155.473/s).
[Mon Aug 20 22:32:52 2012] [debug] GET / (Mozilla/5.0 (Macintosh; Intel Mac OS X 10_8) AppleWebKit/536.25 (KHTML, like Gecko) Version/6.0 Safari/536.25).
[Mon Aug 20 22:32:52 2012] [debug] Routing to controller "CpanApp::Convertor" and action "index".
[Mon Aug 20 22:32:52 2012] [debug] Action not found in controller.
[Mon Aug 20 22:32:52 2012] [debug] Template "convertor/index.html.ep" not found.
[Mon Aug 20 22:32:52 2012] [debug] Template "not_found.development.html.ep" not found.
[Mon Aug 20 22:32:52 2012] [debug] Template "not_found.html.ep" not found.
[Mon Aug 20 22:32:52 2012] [debug] Rendering cached inline template.
[Mon Aug 20 22:32:52 2012] [debug] Rendering cached inline template.
[Mon Aug 20 22:32:52 2012] [debug] 404 Not Found (0.005890s, 169.779/s).
[Mon Aug 20 22:32:52 2012] [debug] GET / (Mozilla/5.0 (Macintosh; Intel Mac OS X 10_8) AppleWebKit/536.25 (KHTML, like Gecko) Version/6.0 Safari/536.25).
[Mon Aug 20 22:32:52 2012] [debug] Routing to controller "CpanApp::Convertor" and action "index".
[Mon Aug 20 22:32:52 2012] [debug] Action not found in controller.
[Mon Aug 20 22:32:52 2012] [debug] Template "convertor/index.html.ep" not found.
[Mon Aug 20 22:32:52 2012] [debug] Template "not_found.development.html.ep" not found.
[Mon Aug 20 22:32:52 2012] [debug] Template "not_found.html.ep" not found.
[Mon Aug 20 22:32:52 2012] [debug] Rendering cached inline template.
[Mon Aug 20 22:32:52 2012] [debug] Rendering cached inline template.
[Mon Aug 20 22:32:52 2012] [debug] 404 Not Found (0.006912s, 144.676/s).
[Mon Aug 20 22:32:52 2012] [debug] GET / (Mozilla/5.0 (Macintosh; Intel Mac OS X 10_8) AppleWebKit/536.25 (KHTML, like Gecko) Version/6.0 Safari/536.25).
[Mon Aug 20 22:32:52 2012] [debug] Routing to controller "CpanApp::Convertor" and action "index".
[Mon Aug 20 22:32:52 2012] [debug] Action not found in controller.
[Mon Aug 20 22:32:52 2012] [debug] Template "convertor/index.html.ep" not found.
[Mon Aug 20 22:32:52 2012] [debug] Template "not_found.development.html.ep" not found.
[Mon Aug 20 22:32:52 2012] [debug] Template "not_found.html.ep" not found.
[Mon Aug 20 22:32:52 2012] [debug] Rendering cached inline template.
[Mon Aug 20 22:32:53 2012] [debug] Rendering cached inline template.
[Mon Aug 20 22:32:53 2012] [debug] 404 Not Found (0.006288s, 159.033/s).
[Mon Aug 20 22:32:53 2012] [debug] GET / (Mozilla/5.0 (Macintosh; Intel Mac OS X 10_8) AppleWebKit/536.25 (KHTML, like Gecko) Version/6.0 Safari/536.25).
[Mon Aug 20 22:32:53 2012] [debug] Routing to controller "CpanApp::Convertor" and action "index".
[Mon Aug 20 22:32:53 2012] [debug] Action not found in controller.
[Mon Aug 20 22:32:53 2012] [debug] Template "convertor/index.html.ep" not found.
[Mon Aug 20 22:32:53 2012] [debug] Template "not_found.development.html.ep" not found.
[Mon Aug 20 22:32:53 2012] [debug] Template "not_found.html.ep" not found.
[Mon Aug 20 22:32:53 2012] [debug] Rendering cached inline template.
[Mon Aug 20 22:32:53 2012] [debug] Rendering cached inline template.
[Mon Aug 20 22:32:53 2012] [debug] 404 Not Found (0.005783s, 172.921/s).
[Mon Aug 20 22:32:53 2012] [debug] GET / (Mozilla/5.0 (Macintosh; Intel Mac OS X 10_8) AppleWebKit/536.25 (KHTML, like Gecko) Version/6.0 Safari/536.25).
[Mon Aug 20 22:32:53 2012] [debug] Routing to controller "CpanApp::Convertor" and action "index".
[Mon Aug 20 22:32:53 2012] [debug] Action not found in controller.
[Mon Aug 20 22:32:53 2012] [debug] Template "convertor/index.html.ep" not found.
[Mon Aug 20 22:32:53 2012] [debug] Template "not_found.development.html.ep" not found.
[Mon Aug 20 22:32:53 2012] [debug] Template "not_found.html.ep" not found.
[Mon Aug 20 22:32:53 2012] [debug] Rendering cached inline template.
[Mon Aug 20 22:32:53 2012] [debug] Rendering cached inline template.
[Mon Aug 20 22:32:53 2012] [debug] 404 Not Found (0.007971s, 125.455/s).
[Mon Aug 20 22:32:53 2012] [debug] GET / (Mozilla/5.0 (Macintosh; Intel Mac OS X 10_8) AppleWebKit/536.25 (KHTML, like Gecko) Version/6.0 Safari/536.25).
[Mon Aug 20 22:32:53 2012] [debug] Routing to controller "CpanApp::Convertor" and action "index".
[Mon Aug 20 22:32:53 2012] [debug] Action not found in controller.
[Mon Aug 20 22:32:53 2012] [debug] Template "convertor/index.html.ep" not found.
[Mon Aug 20 22:32:53 2012] [debug] Template "not_found.development.html.ep" not found.
[Mon Aug 20 22:32:53 2012] [debug] Template "not_found.html.ep" not found.
[Mon Aug 20 22:32:53 2012] [debug] Rendering cached inline template.
[Mon Aug 20 22:32:53 2012] [debug] Rendering cached inline template.
[Mon Aug 20 22:32:53 2012] [debug] 404 Not Found (0.006537s, 152.975/s).
[Mon Aug 20 22:32:53 2012] [debug] GET / (Mozilla/5.0 (Macintosh; Intel Mac OS X 10_8) AppleWebKit/536.25 (KHTML, like Gecko) Version/6.0 Safari/536.25).
[Mon Aug 20 22:32:53 2012] [debug] Routing to controller "CpanApp::Convertor" and action "index".
[Mon Aug 20 22:32:53 2012] [debug] Action not found in controller.
[Mon Aug 20 22:32:53 2012] [debug] Template "convertor/index.html.ep" not found.
[Mon Aug 20 22:32:53 2012] [debug] Template "not_found.development.html.ep" not found.
[Mon Aug 20 22:32:53 2012] [debug] Template "not_found.html.ep" not found.
[Mon Aug 20 22:32:53 2012] [debug] Rendering cached inline template.
[Mon Aug 20 22:32:53 2012] [debug] Rendering cached inline template.
[Mon Aug 20 22:32:53 2012] [debug] 404 Not Found (0.007424s, 134.698/s).
[Mon Aug 20 22:32:54 2012] [debug] GET / (Mozilla/5.0 (Macintosh; Intel Mac OS X 10_8) AppleWebKit/536.25 (KHTML, like Gecko) Version/6.0 Safari/536.25).
[Mon Aug 20 22:32:54 2012] [debug] Routing to controller "CpanApp::Convertor" and action "index".
[Mon Aug 20 22:32:54 2012] [debug] Action not found in controller.
[Mon Aug 20 22:32:54 2012] [debug] Template "convertor/index.html.ep" not found.
[Mon Aug 20 22:32:54 2012] [debug] Template "not_found.development.html.ep" not found.
[Mon Aug 20 22:32:54 2012] [debug] Template "not_found.html.ep" not found.
[Mon Aug 20 22:32:54 2012] [debug] Rendering cached inline template.
[Mon Aug 20 22:32:54 2012] [debug] Rendering cached inline template.
[Mon Aug 20 22:32:54 2012] [debug] 404 Not Found (0.008967s, 111.520/s).
[Mon Aug 20 22:32:54 2012] [debug] GET / (Mozilla/5.0 (Macintosh; Intel Mac OS X 10_8) AppleWebKit/536.25 (KHTML, like Gecko) Version/6.0 Safari/536.25).
[Mon Aug 20 22:32:54 2012] [debug] Routing to controller "CpanApp::Convertor" and action "index".
[Mon Aug 20 22:32:54 2012] [debug] Action not found in controller.
[Mon Aug 20 22:32:54 2012] [debug] Template "convertor/index.html.ep" not found.
[Mon Aug 20 22:32:54 2012] [debug] Template "not_found.development.html.ep" not found.
[Mon Aug 20 22:32:54 2012] [debug] Template "not_found.html.ep" not found.
[Mon Aug 20 22:32:54 2012] [debug] Rendering cached inline template.
[Mon Aug 20 22:32:54 2012] [debug] Rendering cached inline template.
[Mon Aug 20 22:32:54 2012] [debug] 404 Not Found (0.006548s, 152.718/s).
[Mon Aug 20 22:32:54 2012] [debug] GET / (Mozilla/5.0 (Macintosh; Intel Mac OS X 10_8) AppleWebKit/536.25 (KHTML, like Gecko) Version/6.0 Safari/536.25).
[Mon Aug 20 22:32:54 2012] [debug] Routing to controller "CpanApp::Convertor" and action "index".
[Mon Aug 20 22:32:54 2012] [debug] Action not found in controller.
[Mon Aug 20 22:32:54 2012] [debug] Template "convertor/index.html.ep" not found.
[Mon Aug 20 22:32:54 2012] [debug] Template "not_found.development.html.ep" not found.
[Mon Aug 20 22:32:54 2012] [debug] Template "not_found.html.ep" not found.
[Mon Aug 20 22:32:54 2012] [debug] Rendering cached inline template.
[Mon Aug 20 22:32:54 2012] [debug] Rendering cached inline template.
[Mon Aug 20 22:32:54 2012] [debug] 404 Not Found (0.007226s, 138.389/s).
[Mon Aug 20 22:32:55 2012] [debug] GET / (Mozilla/5.0 (Macintosh; Intel Mac OS X 10_8) AppleWebKit/536.25 (KHTML, like Gecko) Version/6.0 Safari/536.25).
[Mon Aug 20 22:32:55 2012] [debug] Routing to controller "CpanApp::Convertor" and action "index".
[Mon Aug 20 22:32:55 2012] [debug] Action not found in controller.
[Mon Aug 20 22:32:55 2012] [debug] Template "convertor/index.html.ep" not found.
[Mon Aug 20 22:32:55 2012] [debug] Template "not_found.development.html.ep" not found.
[Mon Aug 20 22:32:55 2012] [debug] Template "not_found.html.ep" not found.
[Mon Aug 20 22:32:55 2012] [debug] Rendering cached inline template.
[Mon Aug 20 22:32:55 2012] [debug] Rendering cached inline template.
[Mon Aug 20 22:32:55 2012] [debug] 404 Not Found (0.006230s, 160.514/s).
[Mon Aug 20 22:32:55 2012] [debug] GET / (Mozilla/5.0 (Macintosh; Intel Mac OS X 10_8) AppleWebKit/536.25 (KHTML, like Gecko) Version/6.0 Safari/536.25).
[Mon Aug 20 22:32:55 2012] [debug] Routing to controller "CpanApp::Convertor" and action "index".
[Mon Aug 20 22:32:55 2012] [debug] Action not found in controller.
[Mon Aug 20 22:32:55 2012] [debug] Template "convertor/index.html.ep" not found.
[Mon Aug 20 22:32:55 2012] [debug] Template "not_found.development.html.ep" not found.
[Mon Aug 20 22:32:55 2012] [debug] Template "not_found.html.ep" not found.
[Mon Aug 20 22:32:55 2012] [debug] Rendering cached inline template.
[Mon Aug 20 22:32:55 2012] [debug] Rendering cached inline template.
[Mon Aug 20 22:32:55 2012] [debug] 404 Not Found (0.006407s, 156.079/s).
[Mon Aug 20 22:33:16 2012] [debug] GET / (Mozilla/5.0 (Macintosh; Intel Mac OS X 10_8) AppleWebKit/536.25 (KHTML, like Gecko) Version/6.0 Safari/536.25).
[Mon Aug 20 22:33:16 2012] [debug] Routing to controller "CpanApp::Convertor" and action "index".
[Mon Aug 20 22:33:16 2012] [debug] Action not found in controller.
[Mon Aug 20 22:33:16 2012] [debug] Template "convertor/index.html.ep" not found.
[Mon Aug 20 22:33:16 2012] [debug] Template "not_found.development.html.ep" not found.
[Mon Aug 20 22:33:16 2012] [debug] Template "not_found.html.ep" not found.
[Mon Aug 20 22:33:16 2012] [debug] Rendering cached inline template.
[Mon Aug 20 22:33:16 2012] [debug] Rendering cached inline template.
[Mon Aug 20 22:33:16 2012] [debug] 404 Not Found (0.007564s, 132.205/s).
[Mon Aug 20 22:33:17 2012] [debug] GET / (Mozilla/5.0 (Macintosh; Intel Mac OS X 10_8) AppleWebKit/536.25 (KHTML, like Gecko) Version/6.0 Safari/536.25).
[Mon Aug 20 22:33:17 2012] [debug] Routing to controller "CpanApp::Convertor" and action "index".
[Mon Aug 20 22:33:17 2012] [debug] Action not found in controller.
[Mon Aug 20 22:33:17 2012] [debug] Template "convertor/index.html.ep" not found.
[Mon Aug 20 22:33:17 2012] [debug] Template "not_found.development.html.ep" not found.
[Mon Aug 20 22:33:17 2012] [debug] Template "not_found.html.ep" not found.
[Mon Aug 20 22:33:17 2012] [debug] Rendering cached inline template.
[Mon Aug 20 22:33:17 2012] [debug] Rendering cached inline template.
[Mon Aug 20 22:33:17 2012] [debug] 404 Not Found (0.009400s, 106.383/s).
[Mon Aug 20 22:33:18 2012] [debug] GET / (Mozilla/5.0 (Macintosh; Intel Mac OS X 10_8) AppleWebKit/536.25 (KHTML, like Gecko) Version/6.0 Safari/536.25).
[Mon Aug 20 22:33:18 2012] [debug] Routing to controller "CpanApp::Convertor" and action "index".
[Mon Aug 20 22:33:18 2012] [debug] Action not found in controller.
[Mon Aug 20 22:33:18 2012] [debug] Template "convertor/index.html.ep" not found.
[Mon Aug 20 22:33:18 2012] [debug] Template "not_found.development.html.ep" not found.
[Mon Aug 20 22:33:18 2012] [debug] Template "not_found.html.ep" not found.
[Mon Aug 20 22:33:18 2012] [debug] Rendering cached inline template.
[Mon Aug 20 22:33:18 2012] [debug] Rendering cached inline template.
[Mon Aug 20 22:33:18 2012] [debug] 404 Not Found (0.008304s, 120.424/s).
[Mon Aug 20 22:33:19 2012] [debug] GET / (Mozilla/5.0 (Macintosh; Intel Mac OS X 10_8) AppleWebKit/536.25 (KHTML, like Gecko) Version/6.0 Safari/536.25).
[Mon Aug 20 22:33:19 2012] [debug] Routing to controller "CpanApp::Convertor" and action "index".
[Mon Aug 20 22:33:19 2012] [debug] Action not found in controller.
[Mon Aug 20 22:33:19 2012] [debug] Template "convertor/index.html.ep" not found.
[Mon Aug 20 22:33:19 2012] [debug] Template "not_found.development.html.ep" not found.
[Mon Aug 20 22:33:19 2012] [debug] Template "not_found.html.ep" not found.
[Mon Aug 20 22:33:19 2012] [debug] Rendering cached inline template.
[Mon Aug 20 22:33:19 2012] [debug] Rendering cached inline template.
[Mon Aug 20 22:33:19 2012] [debug] 404 Not Found (0.007375s, 135.593/s).
[Mon Aug 20 22:33:20 2012] [debug] GET / (Mozilla/5.0 (Macintosh; Intel Mac OS X 10_8) AppleWebKit/536.25 (KHTML, like Gecko) Version/6.0 Safari/536.25).
[Mon Aug 20 22:33:20 2012] [debug] Routing to controller "CpanApp::Convertor" and action "index".
[Mon Aug 20 22:33:20 2012] [debug] Action not found in controller.
[Mon Aug 20 22:33:20 2012] [debug] Template "convertor/index.html.ep" not found.
[Mon Aug 20 22:33:20 2012] [debug] Template "not_found.development.html.ep" not found.
[Mon Aug 20 22:33:20 2012] [debug] Template "not_found.html.ep" not found.
[Mon Aug 20 22:33:20 2012] [debug] Rendering cached inline template.
[Mon Aug 20 22:33:20 2012] [debug] Rendering cached inline template.
[Mon Aug 20 22:33:20 2012] [debug] 404 Not Found (0.007140s, 140.056/s).
[Mon Aug 20 22:33:20 2012] [debug] GET / (Mozilla/5.0 (Macintosh; Intel Mac OS X 10_8) AppleWebKit/536.25 (KHTML, like Gecko) Version/6.0 Safari/536.25).
[Mon Aug 20 22:33:20 2012] [debug] Routing to controller "CpanApp::Convertor" and action "index".
[Mon Aug 20 22:33:20 2012] [debug] Action not found in controller.
[Mon Aug 20 22:33:20 2012] [debug] Template "convertor/index.html.ep" not found.
[Mon Aug 20 22:33:20 2012] [debug] Template "not_found.development.html.ep" not found.
[Mon Aug 20 22:33:20 2012] [debug] Template "not_found.html.ep" not found.
[Mon Aug 20 22:33:20 2012] [debug] Rendering cached inline template.
[Mon Aug 20 22:33:20 2012] [debug] Rendering cached inline template.
[Mon Aug 20 22:33:20 2012] [debug] 404 Not Found (0.006775s, 147.601/s).
[Mon Aug 20 22:33:21 2012] [debug] GET / (Mozilla/5.0 (Macintosh; Intel Mac OS X 10_8) AppleWebKit/536.25 (KHTML, like Gecko) Version/6.0 Safari/536.25).
[Mon Aug 20 22:33:21 2012] [debug] Routing to controller "CpanApp::Convertor" and action "index".
[Mon Aug 20 22:33:21 2012] [debug] Action not found in controller.
[Mon Aug 20 22:33:21 2012] [debug] Template "convertor/index.html.ep" not found.
[Mon Aug 20 22:33:21 2012] [debug] Template "not_found.development.html.ep" not found.
[Mon Aug 20 22:33:21 2012] [debug] Template "not_found.html.ep" not found.
[Mon Aug 20 22:33:21 2012] [debug] Rendering cached inline template.
[Mon Aug 20 22:33:21 2012] [debug] Rendering cached inline template.
[Mon Aug 20 22:33:21 2012] [debug] 404 Not Found (0.007370s, 135.685/s).
[Mon Aug 20 22:34:22 2012] [debug] GET / (Mozilla/5.0 (Macintosh; Intel Mac OS X 10_8) AppleWebKit/536.25 (KHTML, like Gecko) Version/6.0 Safari/536.25).
[Mon Aug 20 22:34:22 2012] [debug] Routing to controller "CpanApp::Convertor" and action "index".
[Mon Aug 20 22:34:22 2012] [debug] Action not found in controller.
[Mon Aug 20 22:34:22 2012] [debug] Template "convertor/index.html.ep" not found.
[Mon Aug 20 22:34:22 2012] [debug] Template "not_found.development.html.ep" not found.
[Mon Aug 20 22:34:22 2012] [debug] Template "not_found.html.ep" not found.
[Mon Aug 20 22:34:22 2012] [debug] Rendering cached inline template.
[Mon Aug 20 22:34:22 2012] [debug] Rendering cached inline template.
[Mon Aug 20 22:34:22 2012] [debug] 404 Not Found (0.008826s, 113.302/s).
[Mon Aug 20 22:34:24 2012] [debug] GET / (Mozilla/5.0 (Macintosh; Intel Mac OS X 10_8) AppleWebKit/536.25 (KHTML, like Gecko) Version/6.0 Safari/536.25).
[Mon Aug 20 22:34:24 2012] [debug] Routing to controller "CpanApp::Convertor" and action "index".
[Mon Aug 20 22:34:24 2012] [debug] Action not found in controller.
[Mon Aug 20 22:34:24 2012] [debug] Template "convertor/index.html.ep" not found.
[Mon Aug 20 22:34:24 2012] [debug] Template "not_found.development.html.ep" not found.
[Mon Aug 20 22:34:24 2012] [debug] Template "not_found.html.ep" not found.
[Mon Aug 20 22:34:24 2012] [debug] Rendering cached inline template.
[Mon Aug 20 22:34:24 2012] [debug] Rendering cached inline template.
[Mon Aug 20 22:34:24 2012] [debug] 404 Not Found (0.008425s, 118.694/s).
[Mon Aug 20 22:34:24 2012] [debug] GET / (Mozilla/5.0 (Macintosh; Intel Mac OS X 10_8) AppleWebKit/536.25 (KHTML, like Gecko) Version/6.0 Safari/536.25).
[Mon Aug 20 22:34:24 2012] [debug] Routing to controller "CpanApp::Convertor" and action "index".
[Mon Aug 20 22:34:24 2012] [debug] Action not found in controller.
[Mon Aug 20 22:34:24 2012] [debug] Template "convertor/index.html.ep" not found.
[Mon Aug 20 22:34:24 2012] [debug] Template "not_found.development.html.ep" not found.
[Mon Aug 20 22:34:24 2012] [debug] Template "not_found.html.ep" not found.
[Mon Aug 20 22:34:24 2012] [debug] Rendering cached inline template.
[Mon Aug 20 22:34:24 2012] [debug] Rendering cached inline template.
[Mon Aug 20 22:34:24 2012] [debug] 404 Not Found (0.007323s, 136.556/s).
[Mon Aug 20 22:34:24 2012] [debug] GET / (Mozilla/5.0 (Macintosh; Intel Mac OS X 10_8) AppleWebKit/536.25 (KHTML, like Gecko) Version/6.0 Safari/536.25).
[Mon Aug 20 22:34:24 2012] [debug] Routing to controller "CpanApp::Convertor" and action "index".
[Mon Aug 20 22:34:24 2012] [debug] Action not found in controller.
[Mon Aug 20 22:34:24 2012] [debug] Template "convertor/index.html.ep" not found.
[Mon Aug 20 22:34:24 2012] [debug] Template "not_found.development.html.ep" not found.
[Mon Aug 20 22:34:24 2012] [debug] Template "not_found.html.ep" not found.
[Mon Aug 20 22:34:24 2012] [debug] Rendering cached inline template.
[Mon Aug 20 22:34:24 2012] [debug] Rendering cached inline template.
[Mon Aug 20 22:34:24 2012] [debug] 404 Not Found (0.005877s, 170.155/s).
[Mon Aug 20 22:34:25 2012] [debug] GET / (Mozilla/5.0 (Macintosh; Intel Mac OS X 10_8) AppleWebKit/536.25 (KHTML, like Gecko) Version/6.0 Safari/536.25).
[Mon Aug 20 22:34:25 2012] [debug] Routing to controller "CpanApp::Convertor" and action "index".
[Mon Aug 20 22:34:25 2012] [debug] Action not found in controller.
[Mon Aug 20 22:34:25 2012] [debug] Template "convertor/index.html.ep" not found.
[Mon Aug 20 22:34:25 2012] [debug] Template "not_found.development.html.ep" not found.
[Mon Aug 20 22:34:25 2012] [debug] Template "not_found.html.ep" not found.
[Mon Aug 20 22:34:25 2012] [debug] Rendering cached inline template.
[Mon Aug 20 22:34:25 2012] [debug] Rendering cached inline template.
[Mon Aug 20 22:34:25 2012] [debug] 404 Not Found (0.006109s, 163.693/s).
[Mon Aug 20 22:34:25 2012] [debug] GET / (Mozilla/5.0 (Macintosh; Intel Mac OS X 10_8) AppleWebKit/536.25 (KHTML, like Gecko) Version/6.0 Safari/536.25).
[Mon Aug 20 22:34:25 2012] [debug] Routing to controller "CpanApp::Convertor" and action "index".
[Mon Aug 20 22:34:25 2012] [debug] Action not found in controller.
[Mon Aug 20 22:34:25 2012] [debug] Template "convertor/index.html.ep" not found.
[Mon Aug 20 22:34:25 2012] [debug] Template "not_found.development.html.ep" not found.
[Mon Aug 20 22:34:25 2012] [debug] Template "not_found.html.ep" not found.
[Mon Aug 20 22:34:25 2012] [debug] Rendering cached inline template.
[Mon Aug 20 22:34:25 2012] [debug] Rendering cached inline template.
[Mon Aug 20 22:34:25 2012] [debug] 404 Not Found (0.006131s, 163.106/s).
[Mon Aug 20 22:34:25 2012] [debug] GET / (Mozilla/5.0 (Macintosh; Intel Mac OS X 10_8) AppleWebKit/536.25 (KHTML, like Gecko) Version/6.0 Safari/536.25).
[Mon Aug 20 22:34:25 2012] [debug] Routing to controller "CpanApp::Convertor" and action "index".
[Mon Aug 20 22:34:25 2012] [debug] Action not found in controller.
[Mon Aug 20 22:34:25 2012] [debug] Template "convertor/index.html.ep" not found.
[Mon Aug 20 22:34:25 2012] [debug] Template "not_found.development.html.ep" not found.
[Mon Aug 20 22:34:25 2012] [debug] Template "not_found.html.ep" not found.
[Mon Aug 20 22:34:25 2012] [debug] Rendering cached inline template.
[Mon Aug 20 22:34:25 2012] [debug] Rendering cached inline template.
[Mon Aug 20 22:34:25 2012] [debug] 404 Not Found (0.006007s, 166.472/s).
[Mon Aug 20 22:34:25 2012] [debug] GET / (Mozilla/5.0 (Macintosh; Intel Mac OS X 10_8) AppleWebKit/536.25 (KHTML, like Gecko) Version/6.0 Safari/536.25).
[Mon Aug 20 22:34:25 2012] [debug] Routing to controller "CpanApp::Convertor" and action "index".
[Mon Aug 20 22:34:25 2012] [debug] Action not found in controller.
[Mon Aug 20 22:34:25 2012] [debug] Template "convertor/index.html.ep" not found.
[Mon Aug 20 22:34:25 2012] [debug] Template "not_found.development.html.ep" not found.
[Mon Aug 20 22:34:25 2012] [debug] Template "not_found.html.ep" not found.
[Mon Aug 20 22:34:25 2012] [debug] Rendering cached inline template.
[Mon Aug 20 22:34:25 2012] [debug] Rendering cached inline template.
[Mon Aug 20 22:34:25 2012] [debug] 404 Not Found (0.006103s, 163.854/s).
[Mon Aug 20 22:34:25 2012] [debug] GET / (Mozilla/5.0 (Macintosh; Intel Mac OS X 10_8) AppleWebKit/536.25 (KHTML, like Gecko) Version/6.0 Safari/536.25).
[Mon Aug 20 22:34:25 2012] [debug] Routing to controller "CpanApp::Convertor" and action "index".
[Mon Aug 20 22:34:25 2012] [debug] Action not found in controller.
[Mon Aug 20 22:34:25 2012] [debug] Template "convertor/index.html.ep" not found.
[Mon Aug 20 22:34:25 2012] [debug] Template "not_found.development.html.ep" not found.
[Mon Aug 20 22:34:25 2012] [debug] Template "not_found.html.ep" not found.
[Mon Aug 20 22:34:25 2012] [debug] Rendering cached inline template.
[Mon Aug 20 22:34:25 2012] [debug] Rendering cached inline template.
[Mon Aug 20 22:34:25 2012] [debug] 404 Not Found (0.006155s, 162.470/s).
[Mon Aug 20 22:34:25 2012] [debug] GET / (Mozilla/5.0 (Macintosh; Intel Mac OS X 10_8) AppleWebKit/536.25 (KHTML, like Gecko) Version/6.0 Safari/536.25).
[Mon Aug 20 22:34:25 2012] [debug] Routing to controller "CpanApp::Convertor" and action "index".
[Mon Aug 20 22:34:25 2012] [debug] Action not found in controller.
[Mon Aug 20 22:34:25 2012] [debug] Template "convertor/index.html.ep" not found.
[Mon Aug 20 22:34:25 2012] [debug] Template "not_found.development.html.ep" not found.
[Mon Aug 20 22:34:25 2012] [debug] Template "not_found.html.ep" not found.
[Mon Aug 20 22:34:25 2012] [debug] Rendering cached inline template.
[Mon Aug 20 22:34:25 2012] [debug] Rendering cached inline template.
[Mon Aug 20 22:34:25 2012] [debug] 404 Not Found (0.006184s, 161.708/s).
[Mon Aug 20 22:34:26 2012] [debug] GET / (Mozilla/5.0 (Macintosh; Intel Mac OS X 10_8) AppleWebKit/536.25 (KHTML, like Gecko) Version/6.0 Safari/536.25).
[Mon Aug 20 22:34:26 2012] [debug] Routing to controller "CpanApp::Convertor" and action "index".
[Mon Aug 20 22:34:26 2012] [debug] Action not found in controller.
[Mon Aug 20 22:34:26 2012] [debug] Template "convertor/index.html.ep" not found.
[Mon Aug 20 22:34:26 2012] [debug] Template "not_found.development.html.ep" not found.
[Mon Aug 20 22:34:26 2012] [debug] Template "not_found.html.ep" not found.
[Mon Aug 20 22:34:26 2012] [debug] Rendering cached inline template.
[Mon Aug 20 22:34:26 2012] [debug] Rendering cached inline template.
[Mon Aug 20 22:34:26 2012] [debug] 404 Not Found (0.006329s, 158.003/s).
[Mon Aug 20 22:34:26 2012] [debug] GET / (Mozilla/5.0 (Macintosh; Intel Mac OS X 10_8) AppleWebKit/536.25 (KHTML, like Gecko) Version/6.0 Safari/536.25).
[Mon Aug 20 22:34:26 2012] [debug] Routing to controller "CpanApp::Convertor" and action "index".
[Mon Aug 20 22:34:26 2012] [debug] Action not found in controller.
[Mon Aug 20 22:34:26 2012] [debug] Template "convertor/index.html.ep" not found.
[Mon Aug 20 22:34:26 2012] [debug] Template "not_found.development.html.ep" not found.
[Mon Aug 20 22:34:26 2012] [debug] Template "not_found.html.ep" not found.
[Mon Aug 20 22:34:26 2012] [debug] Rendering cached inline template.
[Mon Aug 20 22:34:26 2012] [debug] Rendering cached inline template.
[Mon Aug 20 22:34:26 2012] [debug] 404 Not Found (0.006657s, 150.218/s).
[Mon Aug 20 22:36:52 2012] [debug] GET /ebook (Mozilla/5.0 (Macintosh; Intel Mac OS X 10_8) AppleWebKit/536.25 (KHTML, like Gecko) Version/6.0 Safari/536.25).
[Mon Aug 20 22:36:52 2012] [debug] Template "not_found.development.html.ep" not found.
[Mon Aug 20 22:36:52 2012] [debug] Template "not_found.html.ep" not found.
[Mon Aug 20 22:36:52 2012] [debug] Rendering inline template.
[Mon Aug 20 22:36:52 2012] [debug] Rendering inline template.
[Mon Aug 20 22:36:52 2012] [debug] 404 Not Found (0.020504s, 48.771/s).
[Mon Aug 20 22:41:55 2012] [info] Listening at "http://*:3000".
[Mon Aug 20 22:42:46 2012] [debug] Your secret passphrase needs to be changed!!!
[Mon Aug 20 22:42:46 2012] [debug] GET /ebook (Mozilla/5.0 (Macintosh; Intel Mac OS X 10_8) AppleWebKit/536.25 (KHTML, like Gecko) Version/6.0 Safari/536.25).
[Mon Aug 20 22:42:46 2012] [debug] Template "not_found.development.html.ep" not found.
[Mon Aug 20 22:42:46 2012] [debug] Template "not_found.html.ep" not found.
[Mon Aug 20 22:42:46 2012] [debug] Rendering inline template.
[Mon Aug 20 22:42:46 2012] [debug] Rendering inline template.
[Mon Aug 20 22:42:46 2012] [debug] 404 Not Found (0.021480s, 46.555/s).
[Mon Aug 20 22:42:47 2012] [debug] GET /ebook (Mozilla/5.0 (Macintosh; Intel Mac OS X 10_8) AppleWebKit/536.25 (KHTML, like Gecko) Version/6.0 Safari/536.25).
[Mon Aug 20 22:42:47 2012] [debug] Template "not_found.development.html.ep" not found.
[Mon Aug 20 22:42:47 2012] [debug] Template "not_found.html.ep" not found.
[Mon Aug 20 22:42:47 2012] [debug] Rendering cached inline template.
[Mon Aug 20 22:42:47 2012] [debug] Rendering cached inline template.
[Mon Aug 20 22:42:47 2012] [debug] 404 Not Found (0.008753s, 114.247/s).
[Mon Aug 20 22:42:48 2012] [debug] GET /ebook (Mozilla/5.0 (Macintosh; Intel Mac OS X 10_8) AppleWebKit/536.25 (KHTML, like Gecko) Version/6.0 Safari/536.25).
[Mon Aug 20 22:42:48 2012] [debug] Template "not_found.development.html.ep" not found.
[Mon Aug 20 22:42:48 2012] [debug] Template "not_found.html.ep" not found.
[Mon Aug 20 22:42:48 2012] [debug] Rendering cached inline template.
[Mon Aug 20 22:42:48 2012] [debug] Rendering cached inline template.
[Mon Aug 20 22:42:48 2012] [debug] 404 Not Found (0.007361s, 135.851/s).
[Mon Aug 20 22:43:27 2012] [debug] GET / (Mozilla/5.0 (Macintosh; Intel Mac OS X 10_8) AppleWebKit/536.25 (KHTML, like Gecko) Version/6.0 Safari/536.25).
[Mon Aug 20 22:43:27 2012] [debug] Routing to controller "CpanApp::Convertor" and action "ebook".
[Mon Aug 20 22:43:27 2012] [debug] 200 OK (0.001364s, 733.138/s).
[Mon Aug 20 22:44:55 2012] [debug] GET / (Mozilla/5.0 (Macintosh; Intel Mac OS X 10_8) AppleWebKit/536.25 (KHTML, like Gecko) Version/6.0 Safari/536.25).
[Mon Aug 20 22:44:55 2012] [debug] Routing to controller "CpanApp::Convertor" and action "ebook".
[Mon Aug 20 22:44:55 2012] [debug] 200 OK (0.000540s, 1851.852/s).
[Mon Aug 20 22:45:14 2012] [debug] GET / (Mozilla/5.0 (Macintosh; Intel Mac OS X 10_8) AppleWebKit/536.25 (KHTML, like Gecko) Version/6.0 Safari/536.25).
[Mon Aug 20 22:45:14 2012] [debug] Routing to controller "CpanApp::Convertor" and action "ebook".
[Mon Aug 20 22:45:14 2012] [debug] 200 OK (0.000375s, 2666.667/s).
[Mon Aug 20 22:45:23 2012] [debug] GET / (Mozilla/5.0 (Macintosh; Intel Mac OS X 10_8) AppleWebKit/536.25 (KHTML, like Gecko) Version/6.0 Safari/536.25).
[Mon Aug 20 22:45:23 2012] [debug] Routing to controller "CpanApp::Convertor" and action "ebook".
[Mon Aug 20 22:45:23 2012] [debug] 200 OK (0.000639s, 1564.945/s).
[Mon Aug 20 22:45:31 2012] [debug] GET / (Mozilla/5.0 (Macintosh; Intel Mac OS X 10_8) AppleWebKit/536.25 (KHTML, like Gecko) Version/6.0 Safari/536.25).
[Mon Aug 20 22:45:31 2012] [debug] Routing to controller "CpanApp::Convertor" and action "ebook".
[Mon Aug 20 22:45:31 2012] [debug] 200 OK (0.000466s, 2145.923/s).
[Mon Aug 20 22:45:36 2012] [debug] GET / (Mozilla/5.0 (Macintosh; Intel Mac OS X 10_8) AppleWebKit/536.25 (KHTML, like Gecko) Version/6.0 Safari/536.25).
[Mon Aug 20 22:45:36 2012] [debug] Routing to controller "CpanApp::Convertor" and action "ebook".
[Mon Aug 20 22:45:36 2012] [debug] 200 OK (0.000412s, 2427.184/s).
[Mon Aug 20 22:45:37 2012] [debug] GET / (Mozilla/5.0 (Macintosh; Intel Mac OS X 10_8) AppleWebKit/536.25 (KHTML, like Gecko) Version/6.0 Safari/536.25).
[Mon Aug 20 22:45:37 2012] [debug] Routing to controller "CpanApp::Convertor" and action "ebook".
[Mon Aug 20 22:45:37 2012] [debug] 200 OK (0.000475s, 2105.263/s).
[Mon Aug 20 22:45:37 2012] [debug] GET / (Mozilla/5.0 (Macintosh; Intel Mac OS X 10_8) AppleWebKit/536.25 (KHTML, like Gecko) Version/6.0 Safari/536.25).
[Mon Aug 20 22:45:37 2012] [debug] Routing to controller "CpanApp::Convertor" and action "ebook".
[Mon Aug 20 22:45:37 2012] [debug] 200 OK (0.000378s, 2645.503/s).
[Mon Aug 20 22:45:37 2012] [debug] GET / (Mozilla/5.0 (Macintosh; Intel Mac OS X 10_8) AppleWebKit/536.25 (KHTML, like Gecko) Version/6.0 Safari/536.25).
[Mon Aug 20 22:45:37 2012] [debug] Routing to controller "CpanApp::Convertor" and action "ebook".
[Mon Aug 20 22:45:37 2012] [debug] 200 OK (0.000445s, 2247.191/s).
[Mon Aug 20 22:45:38 2012] [debug] GET / (Mozilla/5.0 (Macintosh; Intel Mac OS X 10_8) AppleWebKit/536.25 (KHTML, like Gecko) Version/6.0 Safari/536.25).
[Mon Aug 20 22:45:38 2012] [debug] Routing to controller "CpanApp::Convertor" and action "ebook".
[Mon Aug 20 22:45:38 2012] [debug] 200 OK (0.000402s, 2487.562/s).
[Mon Aug 20 22:45:38 2012] [debug] GET / (Mozilla/5.0 (Macintosh; Intel Mac OS X 10_8) AppleWebKit/536.25 (KHTML, like Gecko) Version/6.0 Safari/536.25).
[Mon Aug 20 22:45:38 2012] [debug] Routing to controller "CpanApp::Convertor" and action "ebook".
[Mon Aug 20 22:45:38 2012] [debug] 200 OK (0.000347s, 2881.844/s).
[Mon Aug 20 22:45:38 2012] [debug] GET / (Mozilla/5.0 (Macintosh; Intel Mac OS X 10_8) AppleWebKit/536.25 (KHTML, like Gecko) Version/6.0 Safari/536.25).
[Mon Aug 20 22:45:38 2012] [debug] Routing to controller "CpanApp::Convertor" and action "ebook".
[Mon Aug 20 22:45:38 2012] [debug] 200 OK (0.000360s, 2777.778/s).
[Mon Aug 20 22:46:23 2012] [info] Listening at "http://*:3000".
[Mon Aug 20 22:46:26 2012] [debug] Your secret passphrase needs to be changed!!!
[Mon Aug 20 22:46:26 2012] [debug] GET / (Mozilla/5.0 (Macintosh; Intel Mac OS X 10_8) AppleWebKit/536.25 (KHTML, like Gecko) Version/6.0 Safari/536.25).
[Mon Aug 20 22:46:26 2012] [debug] Routing to controller "CpanApp::Convertor" and action "index".
[Mon Aug 20 22:46:26 2012] [debug] 200 OK (0.001782s, 561.167/s).
[Mon Aug 20 22:46:48 2012] [debug] GET / (Mozilla/5.0 (Macintosh; Intel Mac OS X 10_8) AppleWebKit/536.25 (KHTML, like Gecko) Version/6.0 Safari/536.25).
[Mon Aug 20 22:46:48 2012] [debug] Routing to controller "CpanApp::Convertor" and action "index".
[Mon Aug 20 22:46:48 2012] [debug] 200 OK (0.000407s, 2457.002/s).
[Mon Aug 20 22:46:49 2012] [debug] GET / (Mozilla/5.0 (Macintosh; Intel Mac OS X 10_8) AppleWebKit/536.25 (KHTML, like Gecko) Version/6.0 Safari/536.25).
[Mon Aug 20 22:46:49 2012] [debug] Routing to controller "CpanApp::Convertor" and action "index".
[Mon Aug 20 22:46:49 2012] [debug] 200 OK (0.000621s, 1610.306/s).
[Mon Aug 20 22:46:51 2012] [debug] GET / (Mozilla/5.0 (Macintosh; Intel Mac OS X 10_8) AppleWebKit/536.25 (KHTML, like Gecko) Version/6.0 Safari/536.25).
[Mon Aug 20 22:46:51 2012] [debug] Routing to controller "CpanApp::Convertor" and action "index".
[Mon Aug 20 22:46:51 2012] [debug] 200 OK (0.000447s, 2237.136/s).
[Mon Aug 20 22:46:52 2012] [debug] GET / (Mozilla/5.0 (Macintosh; Intel Mac OS X 10_8) AppleWebKit/536.25 (KHTML, like Gecko) Version/6.0 Safari/536.25).
[Mon Aug 20 22:46:52 2012] [debug] Routing to controller "CpanApp::Convertor" and action "index".
[Mon Aug 20 22:46:52 2012] [debug] 200 OK (0.000440s, 2272.727/s).
[Mon Aug 20 22:48:57 2012] [debug] Your secret passphrase needs to be changed!!!
[Mon Aug 20 22:48:57 2012] [debug] GET / (Mozilla/5.0 (Macintosh; Intel Mac OS X 10_8) AppleWebKit/536.25 (KHTML, like Gecko) Version/6.0 Safari/536.25).
[Mon Aug 20 22:48:57 2012] [debug] Routing to controller "CpanApp::Convertor" and action "index".
[Mon Aug 20 22:48:57 2012] [debug] 200 OK (0.001770s, 564.972/s).
[Mon Aug 20 22:49:13 2012] [debug] GET / (Mozilla/5.0 (Macintosh; Intel Mac OS X 10_8) AppleWebKit/536.25 (KHTML, like Gecko) Version/6.0 Safari/536.25).
[Mon Aug 20 22:49:13 2012] [debug] Routing to controller "CpanApp::Convertor" and action "index".
[Mon Aug 20 22:49:13 2012] [debug] 200 OK (0.000482s, 2074.689/s).
[Mon Aug 20 22:49:14 2012] [debug] GET / (Mozilla/5.0 (Macintosh; Intel Mac OS X 10_8) AppleWebKit/536.25 (KHTML, like Gecko) Version/6.0 Safari/536.25).
[Mon Aug 20 22:49:14 2012] [debug] Routing to controller "CpanApp::Convertor" and action "index".
[Mon Aug 20 22:49:14 2012] [debug] 200 OK (0.000438s, 2283.105/s).
[Mon Aug 20 22:49:14 2012] [debug] GET / (Mozilla/5.0 (Macintosh; Intel Mac OS X 10_8) AppleWebKit/536.25 (KHTML, like Gecko) Version/6.0 Safari/536.25).
[Mon Aug 20 22:49:14 2012] [debug] Routing to controller "CpanApp::Convertor" and action "index".
[Mon Aug 20 22:49:14 2012] [debug] 200 OK (0.000403s, 2481.390/s).
[Mon Aug 20 22:49:15 2012] [debug] GET / (Mozilla/5.0 (Macintosh; Intel Mac OS X 10_8) AppleWebKit/536.25 (KHTML, like Gecko) Version/6.0 Safari/536.25).
[Mon Aug 20 22:49:15 2012] [debug] Routing to controller "CpanApp::Convertor" and action "index".
[Mon Aug 20 22:49:15 2012] [debug] 200 OK (0.000333s, 3003.003/s).
[Mon Aug 20 22:49:15 2012] [debug] GET / (Mozilla/5.0 (Macintosh; Intel Mac OS X 10_8) AppleWebKit/536.25 (KHTML, like Gecko) Version/6.0 Safari/536.25).
[Mon Aug 20 22:49:15 2012] [debug] Routing to controller "CpanApp::Convertor" and action "index".
[Mon Aug 20 22:49:15 2012] [debug] 200 OK (0.000340s, 2941.176/s).
[Mon Aug 20 22:49:15 2012] [debug] GET / (Mozilla/5.0 (Macintosh; Intel Mac OS X 10_8) AppleWebKit/536.25 (KHTML, like Gecko) Version/6.0 Safari/536.25).
[Mon Aug 20 22:49:15 2012] [debug] Routing to controller "CpanApp::Convertor" and action "index".
[Mon Aug 20 22:49:15 2012] [debug] 200 OK (0.000386s, 2590.674/s).
[Mon Aug 20 22:49:15 2012] [debug] GET / (Mozilla/5.0 (Macintosh; Intel Mac OS X 10_8) AppleWebKit/536.25 (KHTML, like Gecko) Version/6.0 Safari/536.25).
[Mon Aug 20 22:49:15 2012] [debug] Routing to controller "CpanApp::Convertor" and action "index".
[Mon Aug 20 22:49:15 2012] [debug] 200 OK (0.000340s, 2941.176/s).
[Mon Aug 20 22:49:15 2012] [debug] GET / (Mozilla/5.0 (Macintosh; Intel Mac OS X 10_8) AppleWebKit/536.25 (KHTML, like Gecko) Version/6.0 Safari/536.25).
[Mon Aug 20 22:49:15 2012] [debug] Routing to controller "CpanApp::Convertor" and action "index".
[Mon Aug 20 22:49:15 2012] [debug] 200 OK (0.000341s, 2932.551/s).
[Mon Aug 20 22:49:15 2012] [debug] GET / (Mozilla/5.0 (Macintosh; Intel Mac OS X 10_8) AppleWebKit/536.25 (KHTML, like Gecko) Version/6.0 Safari/536.25).
[Mon Aug 20 22:49:15 2012] [debug] Routing to controller "CpanApp::Convertor" and action "index".
[Mon Aug 20 22:49:15 2012] [debug] 200 OK (0.000353s, 2832.861/s).
[Mon Aug 20 22:49:16 2012] [debug] GET / (Mozilla/5.0 (Macintosh; Intel Mac OS X 10_8) AppleWebKit/536.25 (KHTML, like Gecko) Version/6.0 Safari/536.25).
[Mon Aug 20 22:49:16 2012] [debug] Routing to controller "CpanApp::Convertor" and action "index".
[Mon Aug 20 22:49:16 2012] [debug] 200 OK (0.000342s, 2923.977/s).
[Mon Aug 20 22:49:16 2012] [debug] GET / (Mozilla/5.0 (Macintosh; Intel Mac OS X 10_8) AppleWebKit/536.25 (KHTML, like Gecko) Version/6.0 Safari/536.25).
[Mon Aug 20 22:49:16 2012] [debug] Routing to controller "CpanApp::Convertor" and action "index".
[Mon Aug 20 22:49:16 2012] [debug] 200 OK (0.000425s, 2352.941/s).
[Mon Aug 20 22:49:17 2012] [debug] GET / (Mozilla/5.0 (Macintosh; Intel Mac OS X 10_8) AppleWebKit/536.25 (KHTML, like Gecko) Version/6.0 Safari/536.25).
[Mon Aug 20 22:49:17 2012] [debug] Routing to controller "CpanApp::Convertor" and action "index".
[Mon Aug 20 22:49:17 2012] [debug] 200 OK (0.000395s, 2531.646/s).
[Mon Aug 20 22:51:52 2012] [info] Listening at "http://*:3000".
[Mon Aug 20 22:52:07 2012] [debug] Your secret passphrase needs to be changed!!!
[Mon Aug 20 22:52:07 2012] [debug] GET / (Mozilla/5.0 (Macintosh; Intel Mac OS X 10_8) AppleWebKit/536.25 (KHTML, like Gecko) Version/6.0 Safari/536.25).
[Mon Aug 20 22:52:07 2012] [debug] Routing to controller "CpanApp::Convertor" and action "index".
[Mon Aug 20 22:52:07 2012] [debug] 200 OK (0.001822s, 548.847/s).
[Mon Aug 20 22:52:34 2012] [debug] Your secret passphrase needs to be changed!!!
[Mon Aug 20 22:52:34 2012] [debug] GET / (Mozilla/5.0 (Macintosh; Intel Mac OS X 10_8) AppleWebKit/536.25 (KHTML, like Gecko) Version/6.0 Safari/536.25).
[Mon Aug 20 22:52:34 2012] [debug] Routing to controller "CpanApp::Convertor" and action "index".
[Mon Aug 20 22:52:34 2012] [debug] 200 OK (0.001418s, 705.219/s).
